c:\users\martin\source\repos\aaud1_semprac\uzemnejednotkycesko\x64\debug\vc143.pdb
c:\users\martin\source\repos\aaud1_semprac\uzemnejednotkycesko\x64\debug\vc143.idb
c:\users\martin\source\repos\aaud1_semprac\uzemnejednotkycesko\x64\debug\nacitavac2.obj
c:\users\martin\source\repos\aaud1_semprac\uzemnejednotkycesko\x64\debug\gui2.obj
c:\users\martin\source\repos\aaud1_semprac\uzemnejednotkycesko\x64\debug\nacitavac1.obj
c:\users\martin\source\repos\aaud1_semprac\uzemnejednotkycesko\x64\debug\gui1.obj
c:\users\martin\source\repos\aaud1_semprac\uzemnejednotkycesko\x64\debug\uzemnajednotka.obj
c:\users\martin\source\repos\aaud1_semprac\uzemnejednotkycesko\x64\debug\obec.obj
c:\users\martin\source\repos\aaud1_semprac\uzemnejednotkycesko\x64\debug\nacitavac3.obj
c:\users\martin\source\repos\aaud1_semprac\uzemnejednotkycesko\x64\debug\main.obj
c:\users\martin\source\repos\aaud1_semprac\uzemnejednotkycesko\x64\debug\inacitavac.obj
c:\users\martin\source\repos\aaud1_semprac\uzemnejednotkycesko\x64\debug\igui.obj
c:\users\martin\source\repos\aaud1_semprac\uzemnejednotkycesko\x64\debug\gui3.obj
c:\users\martin\source\repos\aaud1_semprac\uzemnejednotkycesko\x64\debug\gui4.obj
c:\users\martin\source\repos\aaud1_semprac\x64\debug\uzemnejednotkycesko.exe
c:\users\martin\source\repos\aaud1_semprac\x64\debug\uzemnejednotkycesko.pdb
c:\users\martin\source\repos\aaud1_semprac\uzemnejednotkycesko\x64\debug\uzemnejednotkycesko.ilk
c:\users\martin\source\repos\aaud1_semprac\uzemnejednotkycesko\x64\debug\uzemneje.8dede82a.tlog\cl.command.1.tlog
c:\users\martin\source\repos\aaud1_semprac\uzemnejednotkycesko\x64\debug\uzemneje.8dede82a.tlog\cl.items.tlog
c:\users\martin\source\repos\aaud1_semprac\uzemnejednotkycesko\x64\debug\uzemneje.8dede82a.tlog\cl.read.1.tlog
c:\users\martin\source\repos\aaud1_semprac\uzemnejednotkycesko\x64\debug\uzemneje.8dede82a.tlog\cl.write.1.tlog
c:\users\martin\source\repos\aaud1_semprac\uzemnejednotkycesko\x64\debug\uzemneje.8dede82a.tlog\link.command.1.tlog
c:\users\martin\source\repos\aaud1_semprac\uzemnejednotkycesko\x64\debug\uzemneje.8dede82a.tlog\link.read.1.tlog
c:\users\martin\source\repos\aaud1_semprac\uzemnejednotkycesko\x64\debug\uzemneje.8dede82a.tlog\link.secondary.1.tlog
c:\users\martin\source\repos\aaud1_semprac\uzemnejednotkycesko\x64\debug\uzemneje.8dede82a.tlog\link.write.1.tlog
