c:\users\martin\source\repos\aaud1_semprac\x64\debug\datastructures.bsc
c:\users\martin\source\repos\aaud1_semprac\x64\debug\datastructures.pdb
c:\users\martin\source\repos\aaud1_semprac\x64\debug\datastructures.idb
c:\users\martin\source\repos\aaud1_semprac\datastructures\x64\debug\complexity_analyzer.sbr
c:\users\martin\source\repos\aaud1_semprac\datastructures\x64\debug\console.sbr
c:\users\martin\source\repos\aaud1_semprac\datastructures\x64\debug\console_output.sbr
c:\users\martin\source\repos\aaud1_semprac\datastructures\x64\debug\test.sbr
c:\users\martin\source\repos\aaud1_semprac\datastructures\x64\debug\test.obj
c:\users\martin\source\repos\aaud1_semprac\datastructures\x64\debug\console_output.obj
c:\users\martin\source\repos\aaud1_semprac\datastructures\x64\debug\console.obj
c:\users\martin\source\repos\aaud1_semprac\datastructures\x64\debug\complexity_analyzer.obj
c:\users\martin\source\repos\aaud1_semprac\x64\debug\datastructures.lib
c:\users\martin\source\repos\aaud1_semprac\datastructures\x64\debug\datastructures.tlog\bscmake.command.1.tlog
c:\users\martin\source\repos\aaud1_semprac\datastructures\x64\debug\datastructures.tlog\bscmake.read.1.tlog
c:\users\martin\source\repos\aaud1_semprac\datastructures\x64\debug\datastructures.tlog\bscmake.write.1.tlog
c:\users\martin\source\repos\aaud1_semprac\datastructures\x64\debug\datastructures.tlog\cl.command.1.tlog
c:\users\martin\source\repos\aaud1_semprac\datastructures\x64\debug\datastructures.tlog\cl.items.tlog
c:\users\martin\source\repos\aaud1_semprac\datastructures\x64\debug\datastructures.tlog\cl.read.1.tlog
c:\users\martin\source\repos\aaud1_semprac\datastructures\x64\debug\datastructures.tlog\cl.write.1.tlog
c:\users\martin\source\repos\aaud1_semprac\datastructures\x64\debug\datastructures.tlog\lib-link.read.1.tlog
c:\users\martin\source\repos\aaud1_semprac\datastructures\x64\debug\datastructures.tlog\lib-link.write.1.tlog
c:\users\martin\source\repos\aaud1_semprac\datastructures\x64\debug\datastructures.tlog\lib.command.1.tlog
